==============================================
Testing AnySplat + VGGT4D Integration
==============================================
Job started on node: muenchen.garching.camp.cluster
Time: Tue Jan 20 15:04:44 CET 2026


==========
== CUDA ==
==========

CUDA Version 12.1.1

Container image Copyright (c) 2016-2023, NVIDIA CORPORATION & AFFILIATES. All rights reserved.

This container image and its contents are governed by the NVIDIA Deep Learning Container License.
By pulling and using the container, you accept the terms and conditions of this license:
https://developer.nvidia.com/ngc/nvidia-deep-learning-container-license

A copy of this license is made available in this container at /NGC-DL-CONTAINER-LICENSE for your convenience.

Current directory: /mnt/home/hanmydo/DynamicReconstructionSplat
Python version: Python 3.10.13

Warning, cannot find cuda-compiled version of RoPE2D, using a slow pytorch version instead
============================================================
Testing AnySplat with VGGT4D Integration
============================================================
Using device: cuda

Creating model configs...

Building AnySplat with VGGT4D...
  - use_vggt4d: True
  - enable_dynamic_detection: True
Initializing VGGT4D from pretrained VGGT-1B weights
Using VGGT4D aggregator for dynamic scene handling

Loading 5 images from examples/vrnerf/riverview...
  - 21_DSC0001.jpg
  - 21_DSC0010.jpg
  - 21_DSC0019.jpg
  - 21_DSC0028.jpg
  - 21_DSC0037.jpg
Image tensor shape: torch.Size([1, 5, 3, 448, 448])

============================================================
Running inference with VGGT4D...
============================================================
Computing dynamic mask from attention patterns...
Extracting dynamic maps for 5 images
Applying dynamic mask to Gaussian opacities...

Job finished at: Tue Jan 20 15:06:51 CET 2026
